{"total": {"lines":{"total":264,"covered":264,"skipped":0,"pct":100},"statements":{"total":352,"covered":349,"skipped":0,"pct":99.14},"functions":{"total":59,"covered":59,"skipped":0,"pct":100},"branches":{"total":165,"covered":146,"skipped":0,"pct":88.48},"branchesTrue":{"total":0,"covered":0,"skipped":0,"pct":100}}
,"D:\\Alonso\\Proyectos\\JS\\Dolcelina\\microservices\\content-microservice\\src\\constants\\secrets-contants.ts": {"lines":{"total":7,"covered":7,"skipped":0,"pct":100},"functions":{"total":0,"covered":0,"skipped":0,"pct":100},"statements":{"total":7,"covered":7,"skipped":0,"pct":100},"branches":{"total":0,"covered":0,"skipped":0,"pct":100}}
,"D:\\Alonso\\Proyectos\\JS\\Dolcelina\\microservices\\content-microservice\\src\\constants\\service-errors.ts": {"lines":{"total":1,"covered":1,"skipped":0,"pct":100},"functions":{"total":0,"covered":0,"skipped":0,"pct":100},"statements":{"total":1,"covered":1,"skipped":0,"pct":100},"branches":{"total":0,"covered":0,"skipped":0,"pct":100}}
,"D:\\Alonso\\Proyectos\\JS\\Dolcelina\\microservices\\content-microservice\\src\\controllers\\banners.controller.ts": {"lines":{"total":78,"covered":78,"skipped":0,"pct":100},"functions":{"total":13,"covered":13,"skipped":0,"pct":100},"statements":{"total":106,"covered":106,"skipped":0,"pct":100},"branches":{"total":40,"covered":36,"skipped":0,"pct":90}}
,"D:\\Alonso\\Proyectos\\JS\\Dolcelina\\microservices\\content-microservice\\src\\controllers\\media.controller.ts": {"lines":{"total":113,"covered":113,"skipped":0,"pct":100},"functions":{"total":31,"covered":31,"skipped":0,"pct":100},"statements":{"total":152,"covered":149,"skipped":0,"pct":98.02},"branches":{"total":76,"covered":65,"skipped":0,"pct":85.52}}
,"D:\\Alonso\\Proyectos\\JS\\Dolcelina\\microservices\\content-microservice\\src\\controllers\\products.controller.ts": {"lines":{"total":58,"covered":58,"skipped":0,"pct":100},"functions":{"total":13,"covered":13,"skipped":0,"pct":100},"statements":{"total":77,"covered":77,"skipped":0,"pct":100},"branches":{"total":39,"covered":35,"skipped":0,"pct":89.74}}
,"D:\\Alonso\\Proyectos\\JS\\Dolcelina\\microservices\\content-microservice\\src\\utils\\session-helper.ts": {"lines":{"total":4,"covered":4,"skipped":0,"pct":100},"functions":{"total":1,"covered":1,"skipped":0,"pct":100},"statements":{"total":5,"covered":5,"skipped":0,"pct":100},"branches":{"total":8,"covered":8,"skipped":0,"pct":100}}
,"D:\\Alonso\\Proyectos\\JS\\Dolcelina\\microservices\\content-microservice\\src\\utils\\text-helper.ts": {"lines":{"total":3,"covered":3,"skipped":0,"pct":100},"functions":{"total":1,"covered":1,"skipped":0,"pct":100},"statements":{"total":4,"covered":4,"skipped":0,"pct":100},"branches":{"total":2,"covered":2,"skipped":0,"pct":100}}
}
