{"D:\\Alonso\\Proyectos\\JS\\Dolcelina\\microservices\\content-microservice\\src\\constants\\secrets-contants.ts": {"path":"D:\\Alonso\\Proyectos\\JS\\Dolcelina\\microservices\\content-microservice\\src\\constants\\secrets-contants.ts","statementMap":{"0":{"start":{"line":1,"column":13},"end":{"line":1,"column":31}},"1":{"start":{"line":2,"column":13},"end":{"line":2,"column":37}},"2":{"start":{"line":3,"column":13},"end":{"line":3,"column":37}},"3":{"start":{"line":4,"column":13},"end":{"line":4,"column":31}},"4":{"start":{"line":5,"column":13},"end":{"line":5,"column":46}},"5":{"start":{"line":6,"column":13},"end":{"line":6,"column":47}},"6":{"start":{"line":7,"column":13},"end":{"line":7,"column":50}}},"fnMap":{},"branchMap":{},"s":{"0":2,"1":2,"2":2,"3":2,"4":2,"5":2,"6":2},"f":{},"b":{}}
,"D:\\Alonso\\Proyectos\\JS\\Dolcelina\\microservices\\content-microservice\\src\\constants\\service-errors.ts": {"path":"D:\\Alonso\\Proyectos\\JS\\Dolcelina\\microservices\\content-microservice\\src\\constants\\service-errors.ts","statementMap":{"0":{"start":{"line":1,"column":13},"end":{"line":62,"column":2}}},"fnMap":{},"branchMap":{},"s":{"0":2},"f":{},"b":{}}
,"D:\\Alonso\\Proyectos\\JS\\Dolcelina\\microservices\\content-microservice\\src\\controllers\\banners.controller.ts": {"path":"D:\\Alonso\\Proyectos\\JS\\Dolcelina\\microservices\\content-microservice\\src\\controllers\\banners.controller.ts","statementMap":{"0":{"start":{"line":2,"column":0},"end":{"line":2,"column":65}},"1":{"start":{"line":3,"column":0},"end":{"line":3,"column":null}},"2":{"start":{"line":13,"column":0},"end":{"line":13,"column":60}},"3":{"start":{"line":19,"column":0},"end":{"line":19,"column":57}},"4":{"start":{"line":20,"column":0},"end":{"line":20,"column":52}},"5":{"start":{"line":21,"column":0},"end":{"line":21,"column":28}},"6":{"start":{"line":22,"column":0},"end":{"line":22,"column":73}},"7":{"start":{"line":23,"column":0},"end":{"line":23,"column":31}},"8":{"start":{"line":26,"column":32},"end":{"line":53,"column":2}},"9":{"start":{"line":29,"column":4},"end":{"line":53,"column":2}},"10":{"start":{"line":30,"column":67},"end":{"line":30,"column":76}},"11":{"start":{"line":30,"column":53},"end":{"line":30,"column":58}},"12":{"start":{"line":30,"column":62},"end":{"line":30,"column":67}},"13":{"start":{"line":31,"column":19},"end":{"line":31,"column":44}},"14":{"start":{"line":33,"column":22},"end":{"line":33,"column":58}},"15":{"start":{"line":35,"column":20},"end":{"line":42,"column":6}},"16":{"start":{"line":44,"column":4},"end":{"line":44,"column":88}},"17":{"start":{"line":44,"column":18},"end":{"line":44,"column":88}},"18":{"start":{"line":46,"column":4},"end":{"line":52,"column":6}},"19":{"start":{"line":26,"column":13},"end":{"line":26,"column":32}},"20":{"start":{"line":55,"column":35},"end":{"line":64,"column":2}},"21":{"start":{"line":55,"column":73},"end":{"line":64,"column":2}},"22":{"start":{"line":56,"column":19},"end":{"line":56,"column":29}},"23":{"start":{"line":57,"column":22},"end":{"line":57,"column":58}},"24":{"start":{"line":59,"column":19},"end":{"line":59,"column":57}},"25":{"start":{"line":61,"column":4},"end":{"line":61,"column":87}},"26":{"start":{"line":61,"column":17},"end":{"line":61,"column":87}},"27":{"start":{"line":63,"column":4},"end":{"line":63,"column":69}},"28":{"start":{"line":55,"column":13},"end":{"line":55,"column":35}},"29":{"start":{"line":66,"column":34},"end":{"line":94,"column":2}},"30":{"start":{"line":69,"column":4},"end":{"line":94,"column":2}},"31":{"start":{"line":71,"column":8},"end":{"line":71,"column":16}},"32":{"start":{"line":73,"column":21},"end":{"line":73,"column":75}},"33":{"start":{"line":75,"column":22},"end":{"line":75,"column":58}},"34":{"start":{"line":76,"column":22},"end":{"line":89,"column":6}},"35":{"start":{"line":91,"column":4},"end":{"line":92,"column":93}},"36":{"start":{"line":92,"column":8},"end":{"line":92,"column":93}},"37":{"start":{"line":93,"column":4},"end":{"line":93,"column":80}},"38":{"start":{"line":66,"column":13},"end":{"line":66,"column":34}},"39":{"start":{"line":96,"column":34},"end":{"line":125,"column":2}},"40":{"start":{"line":99,"column":4},"end":{"line":125,"column":2}},"41":{"start":{"line":100,"column":19},"end":{"line":100,"column":29}},"42":{"start":{"line":102,"column":8},"end":{"line":102,"column":16}},"43":{"start":{"line":104,"column":22},"end":{"line":104,"column":58}},"44":{"start":{"line":106,"column":19},"end":{"line":106,"column":57}},"45":{"start":{"line":107,"column":4},"end":{"line":107,"column":87}},"46":{"start":{"line":107,"column":17},"end":{"line":107,"column":87}},"47":{"start":{"line":109,"column":51},"end":{"line":111,"column":6}},"48":{"start":{"line":113,"column":4},"end":{"line":113,"column":57}},"49":{"start":{"line":113,"column":29},"end":{"line":113,"column":57}},"50":{"start":{"line":114,"column":4},"end":{"line":114,"column":75}},"51":{"start":{"line":114,"column":35},"end":{"line":114,"column":75}},"52":{"start":{"line":115,"column":4},"end":{"line":115,"column":69}},"53":{"start":{"line":115,"column":33},"end":{"line":115,"column":69}},"54":{"start":{"line":116,"column":4},"end":{"line":116,"column":69}},"55":{"start":{"line":116,"column":33},"end":{"line":116,"column":69}},"56":{"start":{"line":117,"column":4},"end":{"line":117,"column":80}},"57":{"start":{"line":117,"column":34},"end":{"line":117,"column":80}},"58":{"start":{"line":118,"column":4},"end":{"line":118,"column":77}},"59":{"start":{"line":118,"column":33},"end":{"line":118,"column":77}},"60":{"start":{"line":119,"column":4},"end":{"line":119,"column":66}},"61":{"start":{"line":119,"column":32},"end":{"line":119,"column":66}},"62":{"start":{"line":120,"column":4},"end":{"line":120,"column":66}},"63":{"start":{"line":120,"column":32},"end":{"line":120,"column":66}},"64":{"start":{"line":122,"column":26},"end":{"line":122,"column":60}},"65":{"start":{"line":124,"column":4},"end":{"line":124,"column":84}},"66":{"start":{"line":96,"column":13},"end":{"line":96,"column":34}},"67":{"start":{"line":127,"column":34},"end":{"line":144,"column":2}},"68":{"start":{"line":127,"column":88},"end":{"line":144,"column":2}},"69":{"start":{"line":128,"column":19},"end":{"line":128,"column":29}},"70":{"start":{"line":130,"column":22},"end":{"line":130,"column":58}},"71":{"start":{"line":132,"column":24},"end":{"line":132,"column":57}},"72":{"start":{"line":133,"column":4},"end":{"line":133,"column":98}},"73":{"start":{"line":133,"column":26},"end":{"line":133,"column":98}},"74":{"start":{"line":135,"column":19},"end":{"line":135,"column":57}},"75":{"start":{"line":136,"column":4},"end":{"line":136,"column":87}},"76":{"start":{"line":136,"column":17},"end":{"line":136,"column":87}},"77":{"start":{"line":138,"column":26},"end":{"line":141,"column":6}},"78":{"start":{"line":143,"column":4},"end":{"line":143,"column":84}},"79":{"start":{"line":127,"column":13},"end":{"line":127,"column":34}},"80":{"start":{"line":146,"column":32},"end":{"line":164,"column":2}},"81":{"start":{"line":149,"column":4},"end":{"line":164,"column":2}},"82":{"start":{"line":150,"column":51},"end":{"line":150,"column":60}},"83":{"start":{"line":151,"column":21},"end":{"line":151,"column":75}},"84":{"start":{"line":153,"column":15},"end":{"line":153,"column":73}},"85":{"start":{"line":154,"column":4},"end":{"line":154,"column":98}},"86":{"start":{"line":154,"column":13},"end":{"line":154,"column":98}},"87":{"start":{"line":156,"column":20},"end":{"line":156,"column":65}},"88":{"start":{"line":157,"column":16},"end":{"line":159,"column":62}},"89":{"start":{"line":161,"column":16},"end":{"line":161,"column":67}},"90":{"start":{"line":163,"column":4},"end":{"line":163,"column":64}},"91":{"start":{"line":146,"column":13},"end":{"line":146,"column":32}},"92":{"start":{"line":166,"column":28},"end":{"line":177,"column":1}},"93":{"start":{"line":167,"column":78},"end":{"line":167,"column":83}},"94":{"start":{"line":168,"column":54},"end":{"line":168,"column":56}},"95":{"start":{"line":170,"column":4},"end":{"line":170,"column":86}},"96":{"start":{"line":170,"column":21},"end":{"line":170,"column":86}},"97":{"start":{"line":171,"column":4},"end":{"line":171,"column":83}},"98":{"start":{"line":171,"column":34},"end":{"line":171,"column":83}},"99":{"start":{"line":172,"column":4},"end":{"line":172,"column":80}},"100":{"start":{"line":172,"column":33},"end":{"line":172,"column":80}},"101":{"start":{"line":173,"column":4},"end":{"line":173,"column":68}},"102":{"start":{"line":173,"column":15},"end":{"line":173,"column":68}},"103":{"start":{"line":174,"column":4},"end":{"line":175,"column":100}},"104":{"start":{"line":175,"column":8},"end":{"line":175,"column":100}},"105":{"start":{"line":176,"column":4},"end":{"line":176,"column":28}}},"fnMap":{"0":{"name":"(anonymous_9)","decl":{"start":{"line":26,"column":32},"end":{"line":26,"column":null}},"loc":{"start":{"line":29,"column":4},"end":{"line":53,"column":2}}},"1":{"name":"(anonymous_10)","decl":{"start":{"line":29,"column":4},"end":{"line":29,"column":null}},"loc":{"start":{"line":29,"column":4},"end":{"line":53,"column":1}}},"2":{"name":"(anonymous_11)","decl":{"start":{"line":55,"column":35},"end":{"line":55,"column":42}},"loc":{"start":{"line":55,"column":73},"end":{"line":64,"column":2}}},"3":{"name":"(anonymous_12)","decl":{"start":{"line":55,"column":73},"end":{"line":55,"column":null}},"loc":{"start":{"line":55,"column":73},"end":{"line":64,"column":1}}},"4":{"name":"(anonymous_13)","decl":{"start":{"line":66,"column":34},"end":{"line":66,"column":null}},"loc":{"start":{"line":69,"column":4},"end":{"line":94,"column":2}}},"5":{"name":"(anonymous_14)","decl":{"start":{"line":69,"column":4},"end":{"line":69,"column":null}},"loc":{"start":{"line":69,"column":4},"end":{"line":94,"column":1}}},"6":{"name":"(anonymous_15)","decl":{"start":{"line":96,"column":34},"end":{"line":96,"column":null}},"loc":{"start":{"line":99,"column":4},"end":{"line":125,"column":2}}},"7":{"name":"(anonymous_16)","decl":{"start":{"line":99,"column":4},"end":{"line":99,"column":null}},"loc":{"start":{"line":99,"column":4},"end":{"line":125,"column":1}}},"8":{"name":"(anonymous_17)","decl":{"start":{"line":127,"column":34},"end":{"line":127,"column":41}},"loc":{"start":{"line":127,"column":88},"end":{"line":144,"column":2}}},"9":{"name":"(anonymous_18)","decl":{"start":{"line":127,"column":88},"end":{"line":127,"column":null}},"loc":{"start":{"line":127,"column":88},"end":{"line":144,"column":1}}},"10":{"name":"(anonymous_19)","decl":{"start":{"line":146,"column":32},"end":{"line":146,"column":null}},"loc":{"start":{"line":149,"column":4},"end":{"line":164,"column":2}}},"11":{"name":"(anonymous_20)","decl":{"start":{"line":149,"column":4},"end":{"line":149,"column":null}},"loc":{"start":{"line":149,"column":4},"end":{"line":164,"column":1}}},"12":{"name":"(anonymous_21)","decl":{"start":{"line":166,"column":28},"end":{"line":166,"column":29}},"loc":{"start":{"line":166,"column":94},"end":{"line":177,"column":1}}}},"branchMap":{"0":{"loc":{"start":{"line":38,"column":17},"end":{"line":38,"column":51}},"type":"binary-expr","locations":[{"start":{"line":38,"column":17},"end":{"line":38,"column":35}},{"start":{"line":38,"column":39},"end":{"line":38,"column":51}}]},"1":{"loc":{"start":{"line":38,"column":17},"end":{"line":38,"column":35}},"type":"cond-expr","locations":[{"start":{"line":38,"column":27},"end":{"line":38,"column":29}},{"start":{"line":38,"column":17},"end":{"line":38,"column":35}}]},"2":{"loc":{"start":{"line":38,"column":17},"end":{"line":38,"column":29}},"type":"binary-expr","locations":[{"start":{"line":38,"column":17},"end":{"line":38,"column":29}},{"start":{"line":38,"column":17},"end":{"line":38,"column":29}}]},"3":{"loc":{"start":{"line":44,"column":4},"end":{"line":44,"column":88}},"type":"if","locations":[{"start":{"line":44,"column":4},"end":{"line":44,"column":88}}]},"4":{"loc":{"start":{"line":61,"column":4},"end":{"line":61,"column":87}},"type":"if","locations":[{"start":{"line":61,"column":4},"end":{"line":61,"column":87}}]},"5":{"loc":{"start":{"line":80,"column":20},"end":{"line":80,"column":38}},"type":"cond-expr","locations":[{"start":{"line":80,"column":33},"end":{"line":80,"column":34}},{"start":{"line":80,"column":37},"end":{"line":80,"column":38}}]},"6":{"loc":{"start":{"line":81,"column":19},"end":{"line":81,"column":36}},"type":"cond-expr","locations":[{"start":{"line":81,"column":31},"end":{"line":81,"column":32}},{"start":{"line":81,"column":35},"end":{"line":81,"column":36}}]},"7":{"loc":{"start":{"line":91,"column":4},"end":{"line":92,"column":93}},"type":"if","locations":[{"start":{"line":91,"column":4},"end":{"line":92,"column":93}}]},"8":{"loc":{"start":{"line":107,"column":4},"end":{"line":107,"column":87}},"type":"if","locations":[{"start":{"line":107,"column":4},"end":{"line":107,"column":87}}]},"9":{"loc":{"start":{"line":113,"column":4},"end":{"line":113,"column":57}},"type":"if","locations":[{"start":{"line":113,"column":4},"end":{"line":113,"column":57}}]},"10":{"loc":{"start":{"line":114,"column":4},"end":{"line":114,"column":75}},"type":"if","locations":[{"start":{"line":114,"column":4},"end":{"line":114,"column":75}}]},"11":{"loc":{"start":{"line":115,"column":4},"end":{"line":115,"column":69}},"type":"if","locations":[{"start":{"line":115,"column":4},"end":{"line":115,"column":69}}]},"12":{"loc":{"start":{"line":116,"column":4},"end":{"line":116,"column":69}},"type":"if","locations":[{"start":{"line":116,"column":4},"end":{"line":116,"column":69}}]},"13":{"loc":{"start":{"line":117,"column":4},"end":{"line":117,"column":80}},"type":"if","locations":[{"start":{"line":117,"column":4},"end":{"line":117,"column":80}}]},"14":{"loc":{"start":{"line":117,"column":61},"end":{"line":117,"column":79}},"type":"cond-expr","locations":[{"start":{"line":117,"column":74},"end":{"line":117,"column":75}},{"start":{"line":117,"column":78},"end":{"line":117,"column":79}}]},"15":{"loc":{"start":{"line":118,"column":4},"end":{"line":118,"column":77}},"type":"if","locations":[{"start":{"line":118,"column":4},"end":{"line":118,"column":77}}]},"16":{"loc":{"start":{"line":118,"column":59},"end":{"line":118,"column":76}},"type":"cond-expr","locations":[{"start":{"line":118,"column":71},"end":{"line":118,"column":72}},{"start":{"line":118,"column":75},"end":{"line":118,"column":76}}]},"17":{"loc":{"start":{"line":119,"column":4},"end":{"line":119,"column":66}},"type":"if","locations":[{"start":{"line":119,"column":4},"end":{"line":119,"column":66}}]},"18":{"loc":{"start":{"line":120,"column":4},"end":{"line":120,"column":66}},"type":"if","locations":[{"start":{"line":120,"column":4},"end":{"line":120,"column":66}}]},"19":{"loc":{"start":{"line":133,"column":4},"end":{"line":133,"column":98}},"type":"if","locations":[{"start":{"line":133,"column":4},"end":{"line":133,"column":98}}]},"20":{"loc":{"start":{"line":136,"column":4},"end":{"line":136,"column":87}},"type":"if","locations":[{"start":{"line":136,"column":4},"end":{"line":136,"column":87}}]},"21":{"loc":{"start":{"line":154,"column":4},"end":{"line":154,"column":98}},"type":"if","locations":[{"start":{"line":154,"column":4},"end":{"line":154,"column":98}}]},"22":{"loc":{"start":{"line":170,"column":4},"end":{"line":170,"column":86}},"type":"if","locations":[{"start":{"line":170,"column":4},"end":{"line":170,"column":86}}]},"23":{"loc":{"start":{"line":171,"column":4},"end":{"line":171,"column":83}},"type":"if","locations":[{"start":{"line":171,"column":4},"end":{"line":171,"column":83}}]},"24":{"loc":{"start":{"line":171,"column":64},"end":{"line":171,"column":82}},"type":"cond-expr","locations":[{"start":{"line":171,"column":77},"end":{"line":171,"column":78}},{"start":{"line":171,"column":81},"end":{"line":171,"column":82}}]},"25":{"loc":{"start":{"line":172,"column":4},"end":{"line":172,"column":80}},"type":"if","locations":[{"start":{"line":172,"column":4},"end":{"line":172,"column":80}}]},"26":{"loc":{"start":{"line":172,"column":62},"end":{"line":172,"column":79}},"type":"cond-expr","locations":[{"start":{"line":172,"column":74},"end":{"line":172,"column":75}},{"start":{"line":172,"column":78},"end":{"line":172,"column":79}}]},"27":{"loc":{"start":{"line":173,"column":4},"end":{"line":173,"column":68}},"type":"if","locations":[{"start":{"line":173,"column":4},"end":{"line":173,"column":68}}]},"28":{"loc":{"start":{"line":174,"column":4},"end":{"line":175,"column":100}},"type":"if","locations":[{"start":{"line":174,"column":4},"end":{"line":175,"column":100}}]},"29":{"loc":{"start":{"line":174,"column":8},"end":{"line":174,"column":28}},"type":"binary-expr","locations":[{"start":{"line":174,"column":8},"end":{"line":174,"column":16}},{"start":{"line":174,"column":20},"end":{"line":174,"column":28}}]}},"s":{"0":1,"1":1,"2":1,"3":1,"4":1,"5":1,"6":1,"7":1,"8":1,"9":6,"10":6,"11":6,"12":6,"13":6,"14":6,"15":6,"16":6,"17":1,"18":5,"19":1,"20":1,"21":2,"22":2,"23":2,"24":2,"25":2,"26":1,"27":1,"28":1,"29":1,"30":3,"31":3,"32":3,"33":3,"34":3,"35":3,"36":1,"37":2,"38":1,"39":1,"40":4,"41":4,"42":4,"43":4,"44":4,"45":4,"46":1,"47":3,"48":3,"49":2,"50":3,"51":1,"52":3,"53":1,"54":3,"55":1,"56":3,"57":2,"58":3,"59":2,"60":3,"61":1,"62":3,"63":1,"64":3,"65":3,"66":1,"67":1,"68":3,"69":3,"70":3,"71":3,"72":3,"73":1,"74":2,"75":2,"76":1,"77":1,"78":1,"79":1,"80":1,"81":2,"82":2,"83":2,"84":2,"85":2,"86":1,"87":1,"88":1,"89":1,"90":1,"91":1,"92":1,"93":6,"94":6,"95":6,"96":1,"97":6,"98":2,"99":6,"100":2,"101":6,"102":1,"103":6,"104":1,"105":6},"f":{"0":6,"1":6,"2":2,"3":2,"4":3,"5":3,"6":4,"7":4,"8":3,"9":3,"10":2,"11":2,"12":6},"b":{"0":[6,4],"1":[4,2],"2":[6,6],"3":[1],"4":[1],"5":[2,1],"6":[2,1],"7":[1],"8":[1],"9":[2],"10":[1],"11":[1],"12":[1],"13":[2],"14":[1,1],"15":[2],"16":[1,1],"17":[1],"18":[1],"19":[1],"20":[1],"21":[1],"22":[1],"23":[2],"24":[1,1],"25":[2],"26":[1,1],"27":[1],"28":[1],"29":[6,1]}}
,"D:\\Alonso\\Proyectos\\JS\\Dolcelina\\microservices\\content-microservice\\src\\controllers\\media.controller.ts": {"path":"D:\\Alonso\\Proyectos\\JS\\Dolcelina\\microservices\\content-microservice\\src\\controllers\\media.controller.ts","statementMap":{"0":{"start":{"line":2,"column":0},"end":{"line":2,"column":57}},"1":{"start":{"line":3,"column":0},"end":{"line":3,"column":null}},"2":{"start":{"line":14,"column":0},"end":{"line":14,"column":60}},"3":{"start":{"line":16,"column":0},"end":{"line":16,"column":57}},"4":{"start":{"line":17,"column":0},"end":{"line":17,"column":91}},"5":{"start":{"line":18,"column":0},"end":{"line":18,"column":52}},"6":{"start":{"line":19,"column":0},"end":{"line":19,"column":28}},"7":{"start":{"line":22,"column":31},"end":{"line":35,"column":2}},"8":{"start":{"line":22,"column":98},"end":{"line":35,"column":2}},"9":{"start":{"line":23,"column":30},"end":{"line":23,"column":39}},"10":{"start":{"line":25,"column":20},"end":{"line":30,"column":15}},"11":{"start":{"line":31,"column":4},"end":{"line":32,"column":71}},"12":{"start":{"line":32,"column":8},"end":{"line":32,"column":71}},"13":{"start":{"line":34,"column":4},"end":{"line":34,"column":71}},"14":{"start":{"line":22,"column":13},"end":{"line":22,"column":31}},"15":{"start":{"line":37,"column":34},"end":{"line":43,"column":2}},"16":{"start":{"line":37,"column":88},"end":{"line":43,"column":2}},"17":{"start":{"line":38,"column":19},"end":{"line":38,"column":29}},"18":{"start":{"line":39,"column":19},"end":{"line":39,"column":65}},"19":{"start":{"line":40,"column":4},"end":{"line":40,"column":80}},"20":{"start":{"line":40,"column":17},"end":{"line":40,"column":80}},"21":{"start":{"line":42,"column":4},"end":{"line":42,"column":69}},"22":{"start":{"line":37,"column":13},"end":{"line":37,"column":34}},"23":{"start":{"line":45,"column":32},"end":{"line":68,"column":2}},"24":{"start":{"line":48,"column":4},"end":{"line":68,"column":2}},"25":{"start":{"line":49,"column":57},"end":{"line":49,"column":66}},"26":{"start":{"line":50,"column":21},"end":{"line":50,"column":75}},"27":{"start":{"line":52,"column":4},"end":{"line":52,"column":87}},"28":{"start":{"line":52,"column":15},"end":{"line":52,"column":87}},"29":{"start":{"line":54,"column":19},"end":{"line":59,"column":null}},"30":{"start":{"line":61,"column":4},"end":{"line":61,"column":83}},"31":{"start":{"line":61,"column":17},"end":{"line":61,"column":83}},"32":{"start":{"line":63,"column":25},"end":{"line":63,"column":31}},"33":{"start":{"line":65,"column":4},"end":{"line":65,"column":86}},"34":{"start":{"line":65,"column":14},"end":{"line":65,"column":86}},"35":{"start":{"line":67,"column":4},"end":{"line":67,"column":64}},"36":{"start":{"line":45,"column":13},"end":{"line":45,"column":32}},"37":{"start":{"line":70,"column":38},"end":{"line":116,"column":2}},"38":{"start":{"line":73,"column":4},"end":{"line":116,"column":2}},"39":{"start":{"line":74,"column":28},"end":{"line":74,"column":36}},"40":{"start":{"line":75,"column":21},"end":{"line":75,"column":75}},"41":{"start":{"line":77,"column":4},"end":{"line":77,"column":87}},"42":{"start":{"line":77,"column":15},"end":{"line":77,"column":87}},"43":{"start":{"line":79,"column":4},"end":{"line":85,"column":5}},"44":{"start":{"line":82,"column":27},"end":{"line":82,"column":87}},"45":{"start":{"line":84,"column":8},"end":{"line":84,"column":80}},"46":{"start":{"line":87,"column":18},"end":{"line":109,"column":null}},"47":{"start":{"line":88,"column":31},"end":{"line":109,"column":10}},"48":{"start":{"line":89,"column":27},"end":{"line":89,"column":47}},"49":{"start":{"line":90,"column":27},"end":{"line":96,"column":null}},"50":{"start":{"line":99,"column":12},"end":{"line":99,"column":42}},"51":{"start":{"line":99,"column":30},"end":{"line":99,"column":42}},"52":{"start":{"line":101,"column":12},"end":{"line":108,"column":14}},"53":{"start":{"line":112,"column":4},"end":{"line":113,"column":74}},"54":{"start":{"line":112,"column":27},"end":{"line":112,"column":32}},"55":{"start":{"line":113,"column":8},"end":{"line":113,"column":74}},"56":{"start":{"line":115,"column":4},"end":{"line":115,"column":61}},"57":{"start":{"line":70,"column":13},"end":{"line":70,"column":38}},"58":{"start":{"line":118,"column":31},"end":{"line":137,"column":2}},"59":{"start":{"line":118,"column":98},"end":{"line":137,"column":2}},"60":{"start":{"line":119,"column":49},"end":{"line":119,"column":57}},"61":{"start":{"line":121,"column":4},"end":{"line":121,"column":97}},"62":{"start":{"line":121,"column":18},"end":{"line":121,"column":97}},"63":{"start":{"line":123,"column":18},"end":{"line":130,"column":6}},"64":{"start":{"line":132,"column":4},"end":{"line":132,"column":82}},"65":{"start":{"line":132,"column":16},"end":{"line":132,"column":82}},"66":{"start":{"line":134,"column":4},"end":{"line":134,"column":23}},"67":{"start":{"line":136,"column":4},"end":{"line":136,"column":61}},"68":{"start":{"line":118,"column":13},"end":{"line":118,"column":31}},"69":{"start":{"line":139,"column":33},"end":{"line":152,"column":2}},"70":{"start":{"line":139,"column":71},"end":{"line":152,"column":2}},"71":{"start":{"line":140,"column":59},"end":{"line":140,"column":67}},"72":{"start":{"line":141,"column":18},"end":{"line":141,"column":57}},"73":{"start":{"line":142,"column":4},"end":{"line":142,"column":86}},"74":{"start":{"line":142,"column":16},"end":{"line":142,"column":86}},"75":{"start":{"line":144,"column":4},"end":{"line":144,"column":37}},"76":{"start":{"line":145,"column":4},"end":{"line":145,"column":57}},"77":{"start":{"line":146,"column":4},"end":{"line":146,"column":38}},"78":{"start":{"line":147,"column":4},"end":{"line":147,"column":48}},"79":{"start":{"line":148,"column":4},"end":{"line":148,"column":46}},"80":{"start":{"line":150,"column":4},"end":{"line":150,"column":23}},"81":{"start":{"line":151,"column":4},"end":{"line":151,"column":61}},"82":{"start":{"line":139,"column":13},"end":{"line":139,"column":33}},"83":{"start":{"line":154,"column":33},"end":{"line":166,"column":2}},"84":{"start":{"line":154,"column":87},"end":{"line":166,"column":2}},"85":{"start":{"line":155,"column":19},"end":{"line":155,"column":29}},"86":{"start":{"line":156,"column":18},"end":{"line":156,"column":57}},"87":{"start":{"line":157,"column":4},"end":{"line":157,"column":86}},"88":{"start":{"line":157,"column":16},"end":{"line":157,"column":86}},"89":{"start":{"line":159,"column":18},"end":{"line":159,"column":65}},"90":{"start":{"line":160,"column":4},"end":{"line":161,"column":74}},"91":{"start":{"line":161,"column":8},"end":{"line":161,"column":74}},"92":{"start":{"line":163,"column":4},"end":{"line":163,"column":28}},"93":{"start":{"line":165,"column":4},"end":{"line":165,"column":54}},"94":{"start":{"line":154,"column":13},"end":{"line":154,"column":33}},"95":{"start":{"line":168,"column":21},"end":{"line":172,"column":2}},"96":{"start":{"line":168,"column":61},"end":{"line":172,"column":2}},"97":{"start":{"line":169,"column":15},"end":{"line":169,"column":72}},"98":{"start":{"line":170,"column":4},"end":{"line":170,"column":58}},"99":{"start":{"line":170,"column":13},"end":{"line":170,"column":58}},"100":{"start":{"line":171,"column":4},"end":{"line":171,"column":36}},"101":{"start":{"line":174,"column":35},"end":{"line":181,"column":2}},"102":{"start":{"line":174,"column":89},"end":{"line":181,"column":2}},"103":{"start":{"line":175,"column":19},"end":{"line":175,"column":29}},"104":{"start":{"line":177,"column":17},"end":{"line":177,"column":50}},"105":{"start":{"line":178,"column":4},"end":{"line":178,"column":87}},"106":{"start":{"line":178,"column":15},"end":{"line":178,"column":87}},"107":{"start":{"line":180,"column":4},"end":{"line":180,"column":54}},"108":{"start":{"line":174,"column":13},"end":{"line":174,"column":35}},"109":{"start":{"line":183,"column":37},"end":{"line":189,"column":2}},"110":{"start":{"line":183,"column":91},"end":{"line":189,"column":2}},"111":{"start":{"line":184,"column":19},"end":{"line":184,"column":29}},"112":{"start":{"line":185,"column":17},"end":{"line":185,"column":51}},"113":{"start":{"line":186,"column":4},"end":{"line":186,"column":87}},"114":{"start":{"line":186,"column":15},"end":{"line":186,"column":87}},"115":{"start":{"line":188,"column":4},"end":{"line":188,"column":54}},"116":{"start":{"line":183,"column":13},"end":{"line":183,"column":37}},"117":{"start":{"line":191,"column":36},"end":{"line":196,"column":2}},"118":{"start":{"line":191,"column":74},"end":{"line":196,"column":2}},"119":{"start":{"line":192,"column":18},"end":{"line":192,"column":79}},"120":{"start":{"line":193,"column":4},"end":{"line":193,"column":86}},"121":{"start":{"line":193,"column":16},"end":{"line":193,"column":86}},"122":{"start":{"line":195,"column":4},"end":{"line":195,"column":61}},"123":{"start":{"line":191,"column":13},"end":{"line":191,"column":36}},"124":{"start":{"line":198,"column":26},"end":{"line":211,"column":2}},"125":{"start":{"line":198,"column":66},"end":{"line":211,"column":2}},"126":{"start":{"line":199,"column":31},"end":{"line":199,"column":85}},"127":{"start":{"line":200,"column":4},"end":{"line":203,"column":5}},"128":{"start":{"line":201,"column":8},"end":{"line":201,"column":44}},"129":{"start":{"line":202,"column":8},"end":{"line":202,"column":40}},"130":{"start":{"line":205,"column":18},"end":{"line":205,"column":57}},"131":{"start":{"line":206,"column":4},"end":{"line":206,"column":29}},"132":{"start":{"line":206,"column":16},"end":{"line":206,"column":29}},"133":{"start":{"line":207,"column":4},"end":{"line":207,"column":30}},"134":{"start":{"line":208,"column":4},"end":{"line":208,"column":46}},"135":{"start":{"line":209,"column":4},"end":{"line":209,"column":23}},"136":{"start":{"line":210,"column":4},"end":{"line":210,"column":16}},"137":{"start":{"line":213,"column":20},"end":{"line":231,"column":2}},"138":{"start":{"line":220,"column":4},"end":{"line":231,"column":2}},"139":{"start":{"line":221,"column":15},"end":{"line":221,"column":62}},"140":{"start":{"line":222,"column":4},"end":{"line":222,"column":25}},"141":{"start":{"line":222,"column":13},"end":{"line":222,"column":25}},"142":{"start":{"line":224,"column":20},"end":{"line":224,"column":65}},"143":{"start":{"line":225,"column":16},"end":{"line":227,"column":62}},"144":{"start":{"line":228,"column":16},"end":{"line":228,"column":67}},"145":{"start":{"line":230,"column":4},"end":{"line":230,"column":24}},"146":{"start":{"line":233,"column":23},"end":{"line":237,"column":1}},"147":{"start":{"line":234,"column":4},"end":{"line":234,"column":48}},"148":{"start":{"line":234,"column":32},"end":{"line":234,"column":48}},"149":{"start":{"line":235,"column":4},"end":{"line":235,"column":48}},"150":{"start":{"line":235,"column":32},"end":{"line":235,"column":48}},"151":{"start":{"line":236,"column":4},"end":{"line":236,"column":20}}},"fnMap":{"0":{"name":"(anonymous_8)","decl":{"start":{"line":22,"column":31},"end":{"line":22,"column":38}},"loc":{"start":{"line":22,"column":98},"end":{"line":35,"column":2}}},"1":{"name":"(anonymous_9)","decl":{"start":{"line":22,"column":98},"end":{"line":22,"column":null}},"loc":{"start":{"line":22,"column":98},"end":{"line":35,"column":1}}},"2":{"name":"(anonymous_10)","decl":{"start":{"line":37,"column":34},"end":{"line":37,"column":41}},"loc":{"start":{"line":37,"column":88},"end":{"line":43,"column":2}}},"3":{"name":"(anonymous_11)","decl":{"start":{"line":37,"column":88},"end":{"line":37,"column":null}},"loc":{"start":{"line":37,"column":88},"end":{"line":43,"column":1}}},"4":{"name":"(anonymous_12)","decl":{"start":{"line":45,"column":32},"end":{"line":45,"column":null}},"loc":{"start":{"line":48,"column":4},"end":{"line":68,"column":2}}},"5":{"name":"(anonymous_13)","decl":{"start":{"line":48,"column":4},"end":{"line":48,"column":null}},"loc":{"start":{"line":48,"column":4},"end":{"line":68,"column":1}}},"6":{"name":"(anonymous_14)","decl":{"start":{"line":70,"column":38},"end":{"line":70,"column":null}},"loc":{"start":{"line":73,"column":4},"end":{"line":116,"column":2}}},"7":{"name":"(anonymous_15)","decl":{"start":{"line":73,"column":4},"end":{"line":73,"column":null}},"loc":{"start":{"line":73,"column":4},"end":{"line":116,"column":1}}},"8":{"name":"(anonymous_16)","decl":{"start":{"line":82,"column":19},"end":{"line":82,"column":23}},"loc":{"start":{"line":82,"column":27},"end":{"line":82,"column":87}}},"9":{"name":"(anonymous_17)","decl":{"start":{"line":88,"column":18},"end":{"line":88,"column":24}},"loc":{"start":{"line":88,"column":31},"end":{"line":109,"column":10}}},"10":{"name":"(anonymous_18)","decl":{"start":{"line":88,"column":31},"end":{"line":88,"column":null}},"loc":{"start":{"line":88,"column":31},"end":{"line":109,"column":9}}},"11":{"name":"(anonymous_19)","decl":{"start":{"line":112,"column":19},"end":{"line":112,"column":23}},"loc":{"start":{"line":112,"column":27},"end":{"line":112,"column":32}}},"12":{"name":"(anonymous_20)","decl":{"start":{"line":118,"column":31},"end":{"line":118,"column":38}},"loc":{"start":{"line":118,"column":98},"end":{"line":137,"column":2}}},"13":{"name":"(anonymous_21)","decl":{"start":{"line":118,"column":98},"end":{"line":118,"column":null}},"loc":{"start":{"line":118,"column":98},"end":{"line":137,"column":1}}},"14":{"name":"(anonymous_22)","decl":{"start":{"line":139,"column":33},"end":{"line":139,"column":40}},"loc":{"start":{"line":139,"column":71},"end":{"line":152,"column":2}}},"15":{"name":"(anonymous_23)","decl":{"start":{"line":139,"column":71},"end":{"line":139,"column":null}},"loc":{"start":{"line":139,"column":71},"end":{"line":152,"column":1}}},"16":{"name":"(anonymous_24)","decl":{"start":{"line":154,"column":33},"end":{"line":154,"column":40}},"loc":{"start":{"line":154,"column":87},"end":{"line":166,"column":2}}},"17":{"name":"(anonymous_25)","decl":{"start":{"line":154,"column":87},"end":{"line":154,"column":null}},"loc":{"start":{"line":154,"column":87},"end":{"line":166,"column":1}}},"18":{"name":"(anonymous_26)","decl":{"start":{"line":168,"column":21},"end":{"line":168,"column":28}},"loc":{"start":{"line":168,"column":61},"end":{"line":172,"column":2}}},"19":{"name":"(anonymous_27)","decl":{"start":{"line":168,"column":61},"end":{"line":168,"column":null}},"loc":{"start":{"line":168,"column":61},"end":{"line":172,"column":1}}},"20":{"name":"(anonymous_28)","decl":{"start":{"line":174,"column":35},"end":{"line":174,"column":42}},"loc":{"start":{"line":174,"column":89},"end":{"line":181,"column":2}}},"21":{"name":"(anonymous_29)","decl":{"start":{"line":174,"column":89},"end":{"line":174,"column":null}},"loc":{"start":{"line":174,"column":89},"end":{"line":181,"column":1}}},"22":{"name":"(anonymous_30)","decl":{"start":{"line":183,"column":37},"end":{"line":183,"column":44}},"loc":{"start":{"line":183,"column":91},"end":{"line":189,"column":2}}},"23":{"name":"(anonymous_31)","decl":{"start":{"line":183,"column":91},"end":{"line":183,"column":null}},"loc":{"start":{"line":183,"column":91},"end":{"line":189,"column":1}}},"24":{"name":"(anonymous_32)","decl":{"start":{"line":191,"column":36},"end":{"line":191,"column":43}},"loc":{"start":{"line":191,"column":74},"end":{"line":196,"column":2}}},"25":{"name":"(anonymous_33)","decl":{"start":{"line":191,"column":74},"end":{"line":191,"column":null}},"loc":{"start":{"line":191,"column":74},"end":{"line":196,"column":1}}},"26":{"name":"(anonymous_34)","decl":{"start":{"line":198,"column":26},"end":{"line":198,"column":33}},"loc":{"start":{"line":198,"column":66},"end":{"line":211,"column":2}}},"27":{"name":"(anonymous_35)","decl":{"start":{"line":198,"column":66},"end":{"line":198,"column":null}},"loc":{"start":{"line":198,"column":66},"end":{"line":211,"column":1}}},"28":{"name":"(anonymous_36)","decl":{"start":{"line":213,"column":20},"end":{"line":213,"column":null}},"loc":{"start":{"line":220,"column":4},"end":{"line":231,"column":2}}},"29":{"name":"(anonymous_37)","decl":{"start":{"line":220,"column":4},"end":{"line":220,"column":null}},"loc":{"start":{"line":219,"column":37},"end":{"line":231,"column":1}}},"30":{"name":"(anonymous_38)","decl":{"start":{"line":233,"column":23},"end":{"line":233,"column":24}},"loc":{"start":{"line":233,"column":40},"end":{"line":237,"column":1}}}},"branchMap":{"0":{"loc":{"start":{"line":27,"column":14},"end":{"line":27,"column":43}},"type":"cond-expr","locations":[{"start":{"line":27,"column":38},"end":{"line":27,"column":42}},{"start":{"line":27,"column":42},"end":{"line":27,"column":43}}]},"1":{"loc":{"start":{"line":27,"column":14},"end":{"line":27,"column":42}},"type":"binary-expr","locations":[{"start":{"line":27,"column":14},"end":{"line":27,"column":42}},{"start":{"line":27,"column":38},"end":{"line":27,"column":42}}]},"2":{"loc":{"start":{"line":28,"column":15},"end":{"line":28,"column":43}},"type":"cond-expr","locations":[{"start":{"line":28,"column":38},"end":{"line":28,"column":42}},{"start":{"line":28,"column":42},"end":{"line":28,"column":43}}]},"3":{"loc":{"start":{"line":28,"column":15},"end":{"line":28,"column":42}},"type":"binary-expr","locations":[{"start":{"line":28,"column":15},"end":{"line":28,"column":42}},{"start":{"line":28,"column":38},"end":{"line":28,"column":42}}]},"4":{"loc":{"start":{"line":31,"column":4},"end":{"line":32,"column":71}},"type":"if","locations":[{"start":{"line":31,"column":4},"end":{"line":32,"column":71}}]},"5":{"loc":{"start":{"line":31,"column":8},"end":{"line":31,"column":40}},"type":"binary-expr","locations":[{"start":{"line":31,"column":8},"end":{"line":31,"column":16}},{"start":{"line":31,"column":20},"end":{"line":31,"column":40}}]},"6":{"loc":{"start":{"line":40,"column":4},"end":{"line":40,"column":80}},"type":"if","locations":[{"start":{"line":40,"column":4},"end":{"line":40,"column":80}}]},"7":{"loc":{"start":{"line":52,"column":4},"end":{"line":52,"column":87}},"type":"if","locations":[{"start":{"line":52,"column":4},"end":{"line":52,"column":87}}]},"8":{"loc":{"start":{"line":61,"column":4},"end":{"line":61,"column":83}},"type":"if","locations":[{"start":{"line":61,"column":4},"end":{"line":61,"column":83}}]},"9":{"loc":{"start":{"line":65,"column":4},"end":{"line":65,"column":86}},"type":"if","locations":[{"start":{"line":65,"column":4},"end":{"line":65,"column":86}}]},"10":{"loc":{"start":{"line":77,"column":4},"end":{"line":77,"column":87}},"type":"if","locations":[{"start":{"line":77,"column":4},"end":{"line":77,"column":87}}]},"11":{"loc":{"start":{"line":79,"column":4},"end":{"line":85,"column":5}},"type":"if","locations":[{"start":{"line":79,"column":4},"end":{"line":85,"column":5}}]},"12":{"loc":{"start":{"line":80,"column":8},"end":{"line":82,"column":87}},"type":"binary-expr","locations":[{"start":{"line":80,"column":8},"end":{"line":80,"column":29}},{"start":{"line":81,"column":8},"end":{"line":81,"column":26}},{"start":{"line":82,"column":8},"end":{"line":82,"column":87}}]},"13":{"loc":{"start":{"line":82,"column":27},"end":{"line":82,"column":87}},"type":"binary-expr","locations":[{"start":{"line":82,"column":27},"end":{"line":82,"column":46}},{"start":{"line":82,"column":46},"end":{"line":82,"column":68}},{"start":{"line":82,"column":68},"end":{"line":82,"column":87}}]},"14":{"loc":{"start":{"line":82,"column":28},"end":{"line":82,"column":42}},"type":"cond-expr","locations":[{"start":{"line":82,"column":32},"end":{"line":82,"column":34}},{"start":{"line":82,"column":28},"end":{"line":82,"column":42}}]},"15":{"loc":{"start":{"line":82,"column":28},"end":{"line":82,"column":34}},"type":"binary-expr","locations":[{"start":{"line":82,"column":28},"end":{"line":82,"column":34}},{"start":{"line":82,"column":28},"end":{"line":82,"column":34}}]},"16":{"loc":{"start":{"line":82,"column":47},"end":{"line":82,"column":64}},"type":"cond-expr","locations":[{"start":{"line":82,"column":51},"end":{"line":82,"column":53}},{"start":{"line":82,"column":47},"end":{"line":82,"column":64}}]},"17":{"loc":{"start":{"line":82,"column":47},"end":{"line":82,"column":53}},"type":"binary-expr","locations":[{"start":{"line":82,"column":47},"end":{"line":82,"column":53}},{"start":{"line":82,"column":47},"end":{"line":82,"column":53}}]},"18":{"loc":{"start":{"line":82,"column":69},"end":{"line":82,"column":86}},"type":"cond-expr","locations":[{"start":{"line":82,"column":73},"end":{"line":82,"column":75}},{"start":{"line":82,"column":69},"end":{"line":82,"column":86}}]},"19":{"loc":{"start":{"line":82,"column":69},"end":{"line":82,"column":75}},"type":"binary-expr","locations":[{"start":{"line":82,"column":69},"end":{"line":82,"column":75}},{"start":{"line":82,"column":69},"end":{"line":82,"column":75}}]},"20":{"loc":{"start":{"line":96,"column":16},"end":{"line":96,"column":74}},"type":"cond-expr","locations":[{"start":{"line":96,"column":38},"end":{"line":96,"column":55}},{"start":{"line":96,"column":58},"end":{"line":96,"column":74}}]},"21":{"loc":{"start":{"line":99,"column":12},"end":{"line":99,"column":42}},"type":"if","locations":[{"start":{"line":99,"column":12},"end":{"line":99,"column":42}}]},"22":{"loc":{"start":{"line":99,"column":17},"end":{"line":99,"column":28}},"type":"cond-expr","locations":[{"start":{"line":99,"column":23},"end":{"line":99,"column":25}},{"start":{"line":99,"column":17},"end":{"line":99,"column":28}}]},"23":{"loc":{"start":{"line":99,"column":17},"end":{"line":99,"column":25}},"type":"binary-expr","locations":[{"start":{"line":99,"column":17},"end":{"line":99,"column":25}},{"start":{"line":99,"column":17},"end":{"line":99,"column":25}}]},"24":{"loc":{"start":{"line":112,"column":4},"end":{"line":113,"column":74}},"type":"if","locations":[{"start":{"line":112,"column":4},"end":{"line":113,"column":74}}]},"25":{"loc":{"start":{"line":121,"column":4},"end":{"line":121,"column":97}},"type":"if","locations":[{"start":{"line":121,"column":4},"end":{"line":121,"column":97}}]},"26":{"loc":{"start":{"line":132,"column":4},"end":{"line":132,"column":82}},"type":"if","locations":[{"start":{"line":132,"column":4},"end":{"line":132,"column":82}}]},"27":{"loc":{"start":{"line":142,"column":4},"end":{"line":142,"column":86}},"type":"if","locations":[{"start":{"line":142,"column":4},"end":{"line":142,"column":86}}]},"28":{"loc":{"start":{"line":144,"column":17},"end":{"line":144,"column":36}},"type":"cond-expr","locations":[{"start":{"line":144,"column":17},"end":{"line":144,"column":22}},{"start":{"line":144,"column":26},"end":{"line":144,"column":36}}]},"29":{"loc":{"start":{"line":144,"column":17},"end":{"line":144,"column":26}},"type":"binary-expr","locations":[{"start":{"line":144,"column":17},"end":{"line":144,"column":26}},{"start":{"line":144,"column":17},"end":{"line":144,"column":26}}]},"30":{"loc":{"start":{"line":145,"column":24},"end":{"line":145,"column":56}},"type":"cond-expr","locations":[{"start":{"line":145,"column":24},"end":{"line":145,"column":35}},{"start":{"line":145,"column":39},"end":{"line":145,"column":56}}]},"31":{"loc":{"start":{"line":145,"column":24},"end":{"line":145,"column":39}},"type":"binary-expr","locations":[{"start":{"line":145,"column":24},"end":{"line":145,"column":39}},{"start":{"line":145,"column":24},"end":{"line":145,"column":39}}]},"32":{"loc":{"start":{"line":146,"column":16},"end":{"line":146,"column":37}},"type":"cond-expr","locations":[{"start":{"line":146,"column":16},"end":{"line":146,"column":24}},{"start":{"line":146,"column":28},"end":{"line":146,"column":37}}]},"33":{"loc":{"start":{"line":146,"column":16},"end":{"line":146,"column":28}},"type":"binary-expr","locations":[{"start":{"line":146,"column":16},"end":{"line":146,"column":28}},{"start":{"line":146,"column":16},"end":{"line":146,"column":28}}]},"34":{"loc":{"start":{"line":147,"column":21},"end":{"line":147,"column":47}},"type":"cond-expr","locations":[{"start":{"line":147,"column":21},"end":{"line":147,"column":29}},{"start":{"line":147,"column":33},"end":{"line":147,"column":47}}]},"35":{"loc":{"start":{"line":147,"column":21},"end":{"line":147,"column":33}},"type":"binary-expr","locations":[{"start":{"line":147,"column":21},"end":{"line":147,"column":33}},{"start":{"line":147,"column":21},"end":{"line":147,"column":33}}]},"36":{"loc":{"start":{"line":157,"column":4},"end":{"line":157,"column":86}},"type":"if","locations":[{"start":{"line":157,"column":4},"end":{"line":157,"column":86}}]},"37":{"loc":{"start":{"line":160,"column":4},"end":{"line":161,"column":74}},"type":"if","locations":[{"start":{"line":160,"column":4},"end":{"line":161,"column":74}}]},"38":{"loc":{"start":{"line":170,"column":4},"end":{"line":170,"column":58}},"type":"if","locations":[{"start":{"line":170,"column":4},"end":{"line":170,"column":58}}]},"39":{"loc":{"start":{"line":178,"column":4},"end":{"line":178,"column":87}},"type":"if","locations":[{"start":{"line":178,"column":4},"end":{"line":178,"column":87}}]},"40":{"loc":{"start":{"line":186,"column":4},"end":{"line":186,"column":87}},"type":"if","locations":[{"start":{"line":186,"column":4},"end":{"line":186,"column":87}}]},"41":{"loc":{"start":{"line":193,"column":4},"end":{"line":193,"column":86}},"type":"if","locations":[{"start":{"line":193,"column":4},"end":{"line":193,"column":86}}]},"42":{"loc":{"start":{"line":200,"column":4},"end":{"line":203,"column":5}},"type":"if","locations":[{"start":{"line":200,"column":4},"end":{"line":203,"column":5}}]},"43":{"loc":{"start":{"line":200,"column":8},"end":{"line":200,"column":38}},"type":"binary-expr","locations":[{"start":{"line":200,"column":8},"end":{"line":200,"column":16}},{"start":{"line":200,"column":20},"end":{"line":200,"column":38}}]},"44":{"loc":{"start":{"line":206,"column":4},"end":{"line":206,"column":29}},"type":"if","locations":[{"start":{"line":206,"column":4},"end":{"line":206,"column":29}}]},"45":{"loc":{"start":{"line":219,"column":4},"end":{"line":219,"column":37}},"type":"default-arg","locations":[{"start":{"line":219,"column":21},"end":{"line":219,"column":37}}]},"46":{"loc":{"start":{"line":222,"column":4},"end":{"line":222,"column":25}},"type":"if","locations":[{"start":{"line":222,"column":4},"end":{"line":222,"column":25}}]},"47":{"loc":{"start":{"line":234,"column":4},"end":{"line":234,"column":48}},"type":"if","locations":[{"start":{"line":234,"column":4},"end":{"line":234,"column":48}}]},"48":{"loc":{"start":{"line":235,"column":4},"end":{"line":235,"column":48}},"type":"if","locations":[{"start":{"line":235,"column":4},"end":{"line":235,"column":48}}]}},"s":{"0":1,"1":1,"2":1,"3":1,"4":1,"5":1,"6":1,"7":1,"8":3,"9":3,"10":3,"11":3,"12":2,"13":3,"14":1,"15":1,"16":2,"17":2,"18":2,"19":2,"20":1,"21":2,"22":1,"23":1,"24":6,"25":6,"26":6,"27":6,"28":1,"29":5,"30":5,"31":1,"32":4,"33":4,"34":1,"35":3,"36":1,"37":1,"38":5,"39":5,"40":5,"41":5,"42":1,"43":4,"44":4,"45":2,"46":2,"47":3,"48":3,"49":3,"50":3,"51":1,"52":2,"53":2,"54":3,"55":1,"56":1,"57":1,"58":1,"59":2,"60":2,"61":2,"62":1,"63":2,"64":2,"65":0,"66":2,"67":2,"68":1,"69":1,"70":3,"71":3,"72":3,"73":3,"74":1,"75":2,"76":2,"77":2,"78":2,"79":2,"80":2,"81":2,"82":1,"83":1,"84":4,"85":4,"86":4,"87":4,"88":1,"89":3,"90":2,"91":1,"92":1,"93":1,"94":1,"95":1,"96":3,"97":3,"98":3,"99":1,"100":2,"101":1,"102":3,"103":3,"104":3,"105":3,"106":1,"107":2,"108":1,"109":1,"110":2,"111":2,"112":2,"113":2,"114":1,"115":1,"116":1,"117":1,"118":2,"119":2,"120":2,"121":1,"122":1,"123":1,"124":1,"125":5,"126":5,"127":5,"128":1,"129":1,"130":5,"131":5,"132":2,"133":3,"134":3,"135":3,"136":3,"137":1,"138":8,"139":8,"140":8,"141":2,"142":6,"143":6,"144":6,"145":6,"146":1,"147":8,"148":6,"149":2,"150":1,"151":1},"f":{"0":3,"1":3,"2":2,"3":2,"4":6,"5":6,"6":5,"7":5,"8":4,"9":3,"10":3,"11":3,"12":2,"13":2,"14":3,"15":3,"16":4,"17":4,"18":3,"19":3,"20":3,"21":3,"22":2,"23":2,"24":2,"25":2,"26":5,"27":5,"28":8,"29":8,"30":8},"b":{"0":[2,1],"1":[3,3],"2":[2,1],"3":[3,3],"4":[2],"5":[3,2],"6":[1],"7":[1],"8":[1],"9":[1],"10":[1],"11":[2],"12":[4,4,3],"13":[4,4,3],"14":[0,4],"15":[4,4],"16":[0,4],"17":[4,4],"18":[0,3],"19":[3,3],"20":[0,3],"21":[1],"22":[1,2],"23":[3,2],"24":[1],"25":[1],"26":[0],"27":[1],"28":[1,1],"29":[2,2],"30":[1,1],"31":[2,2],"32":[1,1],"33":[2,2],"34":[1,1],"35":[2,2],"36":[1],"37":[1],"38":[1],"39":[1],"40":[1],"41":[1],"42":[1],"43":[5,3],"44":[2],"45":[5],"46":[2],"47":[6],"48":[1]}}
,"D:\\Alonso\\Proyectos\\JS\\Dolcelina\\microservices\\content-microservice\\src\\controllers\\products.controller.ts": {"path":"D:\\Alonso\\Proyectos\\JS\\Dolcelina\\microservices\\content-microservice\\src\\controllers\\products.controller.ts","statementMap":{"0":{"start":{"line":2,"column":0},"end":{"line":2,"column":65}},"1":{"start":{"line":9,"column":0},"end":{"line":9,"column":40}},"2":{"start":{"line":10,"column":0},"end":{"line":10,"column":80}},"3":{"start":{"line":11,"column":0},"end":{"line":11,"column":57}},"4":{"start":{"line":12,"column":0},"end":{"line":12,"column":28}},"5":{"start":{"line":14,"column":33},"end":{"line":55,"column":2}},"6":{"start":{"line":17,"column":4},"end":{"line":55,"column":2}},"7":{"start":{"line":18,"column":58},"end":{"line":18,"column":67}},"8":{"start":{"line":19,"column":24},"end":{"line":19,"column":56}},"9":{"start":{"line":21,"column":22},"end":{"line":21,"column":58}},"10":{"start":{"line":23,"column":21},"end":{"line":35,"column":6}},"11":{"start":{"line":37,"column":18},"end":{"line":37,"column":54}},"12":{"start":{"line":38,"column":25},"end":{"line":43,"column":6}},"13":{"start":{"line":45,"column":4},"end":{"line":54,"column":6}},"14":{"start":{"line":14,"column":13},"end":{"line":14,"column":33}},"15":{"start":{"line":57,"column":36},"end":{"line":64,"column":2}},"16":{"start":{"line":57,"column":74},"end":{"line":64,"column":2}},"17":{"start":{"line":58,"column":19},"end":{"line":58,"column":29}},"18":{"start":{"line":59,"column":22},"end":{"line":59,"column":58}},"19":{"start":{"line":60,"column":20},"end":{"line":60,"column":59}},"20":{"start":{"line":62,"column":4},"end":{"line":62,"column":80}},"21":{"start":{"line":62,"column":18},"end":{"line":62,"column":80}},"22":{"start":{"line":63,"column":4},"end":{"line":63,"column":29}},"23":{"start":{"line":57,"column":13},"end":{"line":57,"column":36}},"24":{"start":{"line":66,"column":35},"end":{"line":101,"column":2}},"25":{"start":{"line":69,"column":4},"end":{"line":101,"column":2}},"26":{"start":{"line":70,"column":32},"end":{"line":70,"column":40}},"27":{"start":{"line":70,"column":18},"end":{"line":70,"column":23}},"28":{"start":{"line":70,"column":27},"end":{"line":70,"column":32}},"29":{"start":{"line":71,"column":22},"end":{"line":71,"column":58}},"30":{"start":{"line":72,"column":21},"end":{"line":72,"column":68}},"31":{"start":{"line":74,"column":23},"end":{"line":79,"column":null}},"32":{"start":{"line":82,"column":24},"end":{"line":90,"column":null}},"33":{"start":{"line":84,"column":12},"end":{"line":89,"column":14}},"34":{"start":{"line":93,"column":4},"end":{"line":100,"column":6}},"35":{"start":{"line":66,"column":13},"end":{"line":66,"column":35}},"36":{"start":{"line":103,"column":36},"end":{"line":125,"column":2}},"37":{"start":{"line":106,"column":4},"end":{"line":125,"column":2}},"38":{"start":{"line":107,"column":34},"end":{"line":107,"column":42}},"39":{"start":{"line":109,"column":22},"end":{"line":109,"column":58}},"40":{"start":{"line":111,"column":24},"end":{"line":116,"column":6}},"41":{"start":{"line":118,"column":4},"end":{"line":124,"column":6}},"42":{"start":{"line":103,"column":13},"end":{"line":103,"column":36}},"43":{"start":{"line":127,"column":35},"end":{"line":148,"column":2}},"44":{"start":{"line":130,"column":4},"end":{"line":148,"column":2}},"45":{"start":{"line":131,"column":58},"end":{"line":131,"column":67}},"46":{"start":{"line":132,"column":18},"end":{"line":132,"column":53}},"47":{"start":{"line":134,"column":22},"end":{"line":134,"column":58}},"48":{"start":{"line":135,"column":23},"end":{"line":140,"column":6}},"49":{"start":{"line":141,"column":4},"end":{"line":147,"column":6}},"50":{"start":{"line":127,"column":13},"end":{"line":127,"column":35}},"51":{"start":{"line":150,"column":30},"end":{"line":161,"column":1}},"52":{"start":{"line":151,"column":23},"end":{"line":151,"column":25}},"53":{"start":{"line":153,"column":4},"end":{"line":153,"column":44}},"54":{"start":{"line":153,"column":20},"end":{"line":153,"column":44}},"55":{"start":{"line":154,"column":4},"end":{"line":154,"column":56}},"56":{"start":{"line":154,"column":24},"end":{"line":154,"column":56}},"57":{"start":{"line":155,"column":4},"end":{"line":155,"column":85}},"58":{"start":{"line":155,"column":25},"end":{"line":155,"column":85}},"59":{"start":{"line":156,"column":4},"end":{"line":156,"column":85}},"60":{"start":{"line":156,"column":25},"end":{"line":156,"column":85}},"61":{"start":{"line":157,"column":4},"end":{"line":157,"column":81}},"62":{"start":{"line":157,"column":39},"end":{"line":157,"column":81}},"63":{"start":{"line":158,"column":4},"end":{"line":158,"column":65}},"64":{"start":{"line":158,"column":27},"end":{"line":158,"column":65}},"65":{"start":{"line":160,"column":4},"end":{"line":160,"column":17}},"66":{"start":{"line":163,"column":33},"end":{"line":171,"column":1}},"67":{"start":{"line":164,"column":23},"end":{"line":164,"column":25}},"68":{"start":{"line":166,"column":4},"end":{"line":166,"column":38}},"69":{"start":{"line":166,"column":18},"end":{"line":166,"column":38}},"70":{"start":{"line":167,"column":4},"end":{"line":167,"column":66}},"71":{"start":{"line":167,"column":20},"end":{"line":167,"column":66}},"72":{"start":{"line":168,"column":4},"end":{"line":168,"column":87}},"73":{"start":{"line":168,"column":27},"end":{"line":168,"column":87}},"74":{"start":{"line":169,"column":4},"end":{"line":169,"column":71}},"75":{"start":{"line":169,"column":29},"end":{"line":169,"column":71}},"76":{"start":{"line":170,"column":4},"end":{"line":170,"column":17}}},"fnMap":{"0":{"name":"(anonymous_9)","decl":{"start":{"line":14,"column":33},"end":{"line":14,"column":null}},"loc":{"start":{"line":17,"column":4},"end":{"line":55,"column":2}}},"1":{"name":"(anonymous_10)","decl":{"start":{"line":17,"column":4},"end":{"line":17,"column":null}},"loc":{"start":{"line":17,"column":4},"end":{"line":55,"column":1}}},"2":{"name":"(anonymous_11)","decl":{"start":{"line":57,"column":36},"end":{"line":57,"column":43}},"loc":{"start":{"line":57,"column":74},"end":{"line":64,"column":2}}},"3":{"name":"(anonymous_12)","decl":{"start":{"line":57,"column":74},"end":{"line":57,"column":null}},"loc":{"start":{"line":57,"column":74},"end":{"line":64,"column":1}}},"4":{"name":"(anonymous_13)","decl":{"start":{"line":66,"column":35},"end":{"line":66,"column":null}},"loc":{"start":{"line":69,"column":4},"end":{"line":101,"column":2}}},"5":{"name":"(anonymous_14)","decl":{"start":{"line":69,"column":4},"end":{"line":69,"column":null}},"loc":{"start":{"line":69,"column":4},"end":{"line":101,"column":1}}},"6":{"name":"(anonymous_15)","decl":{"start":{"line":83,"column":19},"end":{"line":83,"column":26}},"loc":{"start":{"line":84,"column":12},"end":{"line":89,"column":14}}},"7":{"name":"(anonymous_16)","decl":{"start":{"line":103,"column":36},"end":{"line":103,"column":null}},"loc":{"start":{"line":106,"column":4},"end":{"line":125,"column":2}}},"8":{"name":"(anonymous_17)","decl":{"start":{"line":106,"column":4},"end":{"line":106,"column":null}},"loc":{"start":{"line":106,"column":4},"end":{"line":125,"column":1}}},"9":{"name":"(anonymous_18)","decl":{"start":{"line":127,"column":35},"end":{"line":127,"column":null}},"loc":{"start":{"line":130,"column":4},"end":{"line":148,"column":2}}},"10":{"name":"(anonymous_19)","decl":{"start":{"line":130,"column":4},"end":{"line":130,"column":null}},"loc":{"start":{"line":130,"column":4},"end":{"line":148,"column":1}}},"11":{"name":"(anonymous_20)","decl":{"start":{"line":150,"column":30},"end":{"line":150,"column":31}},"loc":{"start":{"line":150,"column":68},"end":{"line":161,"column":1}}},"12":{"name":"(anonymous_21)","decl":{"start":{"line":163,"column":33},"end":{"line":163,"column":34}},"loc":{"start":{"line":163,"column":66},"end":{"line":171,"column":1}}}},"branchMap":{"0":{"loc":{"start":{"line":49,"column":22},"end":{"line":49,"column":64}},"type":"cond-expr","locations":[{"start":{"line":49,"column":59},"end":{"line":49,"column":63}},{"start":{"line":49,"column":63},"end":{"line":49,"column":64}}]},"1":{"loc":{"start":{"line":49,"column":22},"end":{"line":49,"column":63}},"type":"binary-expr","locations":[{"start":{"line":49,"column":22},"end":{"line":49,"column":63}},{"start":{"line":49,"column":59},"end":{"line":49,"column":63}}]},"2":{"loc":{"start":{"line":49,"column":22},"end":{"line":49,"column":59}},"type":"cond-expr","locations":[{"start":{"line":49,"column":33},"end":{"line":49,"column":35}},{"start":{"line":49,"column":22},"end":{"line":49,"column":59}}]},"3":{"loc":{"start":{"line":49,"column":22},"end":{"line":49,"column":35}},"type":"binary-expr","locations":[{"start":{"line":49,"column":22},"end":{"line":49,"column":35}},{"start":{"line":49,"column":22},"end":{"line":49,"column":35}}]},"4":{"loc":{"start":{"line":50,"column":22},"end":{"line":50,"column":64}},"type":"cond-expr","locations":[{"start":{"line":50,"column":59},"end":{"line":50,"column":63}},{"start":{"line":50,"column":63},"end":{"line":50,"column":64}}]},"5":{"loc":{"start":{"line":50,"column":22},"end":{"line":50,"column":63}},"type":"binary-expr","locations":[{"start":{"line":50,"column":22},"end":{"line":50,"column":63}},{"start":{"line":50,"column":59},"end":{"line":50,"column":63}}]},"6":{"loc":{"start":{"line":50,"column":22},"end":{"line":50,"column":59}},"type":"cond-expr","locations":[{"start":{"line":50,"column":33},"end":{"line":50,"column":35}},{"start":{"line":50,"column":22},"end":{"line":50,"column":59}}]},"7":{"loc":{"start":{"line":50,"column":22},"end":{"line":50,"column":35}},"type":"binary-expr","locations":[{"start":{"line":50,"column":22},"end":{"line":50,"column":35}},{"start":{"line":50,"column":22},"end":{"line":50,"column":35}}]},"8":{"loc":{"start":{"line":62,"column":4},"end":{"line":62,"column":80}},"type":"if","locations":[{"start":{"line":62,"column":4},"end":{"line":62,"column":80}}]},"9":{"loc":{"start":{"line":72,"column":36},"end":{"line":72,"column":67}},"type":"binary-expr","locations":[{"start":{"line":72,"column":36},"end":{"line":72,"column":61}},{"start":{"line":72,"column":65},"end":{"line":72,"column":67}}]},"10":{"loc":{"start":{"line":77,"column":20},"end":{"line":77,"column":49}},"type":"cond-expr","locations":[{"start":{"line":77,"column":37},"end":{"line":77,"column":41}},{"start":{"line":77,"column":41},"end":{"line":77,"column":49}}]},"11":{"loc":{"start":{"line":77,"column":20},"end":{"line":77,"column":41}},"type":"binary-expr","locations":[{"start":{"line":77,"column":20},"end":{"line":77,"column":41}},{"start":{"line":77,"column":37},"end":{"line":77,"column":41}}]},"12":{"loc":{"start":{"line":77,"column":20},"end":{"line":77,"column":37}},"type":"cond-expr","locations":[{"start":{"line":77,"column":28},"end":{"line":77,"column":30}},{"start":{"line":77,"column":20},"end":{"line":77,"column":37}}]},"13":{"loc":{"start":{"line":77,"column":20},"end":{"line":77,"column":30}},"type":"binary-expr","locations":[{"start":{"line":77,"column":20},"end":{"line":77,"column":30}},{"start":{"line":77,"column":20},"end":{"line":77,"column":30}}]},"14":{"loc":{"start":{"line":153,"column":4},"end":{"line":153,"column":44}},"type":"if","locations":[{"start":{"line":153,"column":4},"end":{"line":153,"column":44}}]},"15":{"loc":{"start":{"line":154,"column":4},"end":{"line":154,"column":56}},"type":"if","locations":[{"start":{"line":154,"column":4},"end":{"line":154,"column":56}}]},"16":{"loc":{"start":{"line":155,"column":4},"end":{"line":155,"column":85}},"type":"if","locations":[{"start":{"line":155,"column":4},"end":{"line":155,"column":85}}]},"17":{"loc":{"start":{"line":156,"column":4},"end":{"line":156,"column":85}},"type":"if","locations":[{"start":{"line":156,"column":4},"end":{"line":156,"column":85}}]},"18":{"loc":{"start":{"line":157,"column":4},"end":{"line":157,"column":81}},"type":"if","locations":[{"start":{"line":157,"column":4},"end":{"line":157,"column":81}}]},"19":{"loc":{"start":{"line":157,"column":57},"end":{"line":157,"column":80}},"type":"cond-expr","locations":[{"start":{"line":157,"column":75},"end":{"line":157,"column":76}},{"start":{"line":157,"column":79},"end":{"line":157,"column":80}}]},"20":{"loc":{"start":{"line":158,"column":4},"end":{"line":158,"column":65}},"type":"if","locations":[{"start":{"line":158,"column":4},"end":{"line":158,"column":65}}]},"21":{"loc":{"start":{"line":166,"column":4},"end":{"line":166,"column":38}},"type":"if","locations":[{"start":{"line":166,"column":4},"end":{"line":166,"column":38}}]},"22":{"loc":{"start":{"line":167,"column":4},"end":{"line":167,"column":66}},"type":"if","locations":[{"start":{"line":167,"column":4},"end":{"line":167,"column":66}}]},"23":{"loc":{"start":{"line":168,"column":4},"end":{"line":168,"column":87}},"type":"if","locations":[{"start":{"line":168,"column":4},"end":{"line":168,"column":87}}]},"24":{"loc":{"start":{"line":169,"column":4},"end":{"line":169,"column":71}},"type":"if","locations":[{"start":{"line":169,"column":4},"end":{"line":169,"column":71}}]}},"s":{"0":1,"1":1,"2":1,"3":1,"4":1,"5":1,"6":3,"7":3,"8":3,"9":3,"10":3,"11":3,"12":3,"13":3,"14":1,"15":1,"16":2,"17":2,"18":2,"19":2,"20":2,"21":1,"22":1,"23":1,"24":1,"25":3,"26":3,"27":3,"28":3,"29":3,"30":3,"31":3,"32":3,"33":2,"34":3,"35":1,"36":1,"37":1,"38":1,"39":1,"40":1,"41":1,"42":1,"43":1,"44":2,"45":2,"46":2,"47":2,"48":2,"49":2,"50":1,"51":1,"52":3,"53":3,"54":1,"55":3,"56":1,"57":3,"58":1,"59":3,"60":1,"61":3,"62":1,"63":3,"64":1,"65":3,"66":1,"67":2,"68":2,"69":1,"70":2,"71":1,"72":2,"73":1,"74":2,"75":1,"76":2},"f":{"0":3,"1":3,"2":2,"3":2,"4":3,"5":3,"6":2,"7":1,"8":1,"9":2,"10":2,"11":3,"12":2},"b":{"0":[2,1],"1":[3,3],"2":[1,2],"3":[3,2],"4":[2,1],"5":[3,3],"6":[1,2],"7":[3,2],"8":[1],"9":[3,1],"10":[2,1],"11":[3,3],"12":[1,2],"13":[3,2],"14":[1],"15":[1],"16":[1],"17":[1],"18":[1],"19":[1,0],"20":[1],"21":[1],"22":[1],"23":[1],"24":[1]}}
,"D:\\Alonso\\Proyectos\\JS\\Dolcelina\\microservices\\content-microservice\\src\\utils\\session-helper.ts": {"path":"D:\\Alonso\\Proyectos\\JS\\Dolcelina\\microservices\\content-microservice\\src\\utils\\session-helper.ts","statementMap":{"0":{"start":{"line":1,"column":0},"end":{"line":1,"column":45}},"1":{"start":{"line":4,"column":30},"end":{"line":7,"column":1}},"2":{"start":{"line":5,"column":22},"end":{"line":5,"column":53}},"3":{"start":{"line":6,"column":4},"end":{"line":6,"column":45}},"4":{"start":{"line":4,"column":13},"end":{"line":4,"column":30}}},"fnMap":{"0":{"name":"(anonymous_0)","decl":{"start":{"line":4,"column":30},"end":{"line":4,"column":31}},"loc":{"start":{"line":4,"column":56},"end":{"line":7,"column":1}}}},"branchMap":{"0":{"loc":{"start":{"line":5,"column":22},"end":{"line":5,"column":53}},"type":"cond-expr","locations":[{"start":{"line":5,"column":47},"end":{"line":5,"column":51}},{"start":{"line":5,"column":51},"end":{"line":5,"column":53}}]},"1":{"loc":{"start":{"line":5,"column":22},"end":{"line":5,"column":51}},"type":"binary-expr","locations":[{"start":{"line":5,"column":22},"end":{"line":5,"column":51}},{"start":{"line":5,"column":47},"end":{"line":5,"column":51}}]},"2":{"loc":{"start":{"line":5,"column":22},"end":{"line":5,"column":47}},"type":"cond-expr","locations":[{"start":{"line":5,"column":35},"end":{"line":5,"column":37}},{"start":{"line":5,"column":22},"end":{"line":5,"column":47}}]},"3":{"loc":{"start":{"line":5,"column":22},"end":{"line":5,"column":37}},"type":"binary-expr","locations":[{"start":{"line":5,"column":22},"end":{"line":5,"column":37}},{"start":{"line":5,"column":22},"end":{"line":5,"column":37}}]}},"s":{"0":1,"1":1,"2":4,"3":4,"4":1},"f":{"0":4},"b":{"0":[3,1],"1":[4,4],"2":[1,3],"3":[4,4]}}
,"D:\\Alonso\\Proyectos\\JS\\Dolcelina\\microservices\\content-microservice\\src\\utils\\text-helper.ts": {"path":"D:\\Alonso\\Proyectos\\JS\\Dolcelina\\microservices\\content-microservice\\src\\utils\\text-helper.ts","statementMap":{"0":{"start":{"line":1,"column":0},"end":{"line":1,"column":30}},"1":{"start":{"line":3,"column":28},"end":{"line":10,"column":1}},"2":{"start":{"line":4,"column":4},"end":{"line":9,"column":7}},"3":{"start":{"line":3,"column":13},"end":{"line":3,"column":28}}},"fnMap":{"0":{"name":"(anonymous_1)","decl":{"start":{"line":3,"column":28},"end":{"line":3,"column":29}},"loc":{"start":{"line":3,"column":68},"end":{"line":10,"column":1}}}},"branchMap":{"0":{"loc":{"start":{"line":8,"column":16},"end":{"line":8,"column":61}},"type":"cond-expr","locations":[{"start":{"line":8,"column":31},"end":{"line":8,"column":49}},{"start":{"line":8,"column":52},"end":{"line":8,"column":61}}]}},"s":{"0":3,"1":3,"2":23,"3":3},"f":{"0":23},"b":{"0":[1,22]}}
}
