TN:
SF:src\constants\secrets-contants.ts
FNF:0
FNH:0
DA:1,2
DA:2,2
DA:3,2
DA:4,2
DA:5,2
DA:6,2
DA:7,2
LF:7
LH:7
BRF:0
BRH:0
end_of_record
TN:
SF:src\constants\service-errors.ts
FNF:0
FNH:0
DA:1,2
LF:1
LH:1
BRF:0
BRH:0
end_of_record
TN:
SF:src\controllers\banners.controller.ts
FN:26,(anonymous_9)
FN:29,(anonymous_10)
FN:55,(anonymous_11)
FN:55,(anonymous_12)
FN:66,(anonymous_13)
FN:69,(anonymous_14)
FN:96,(anonymous_15)
FN:99,(anonymous_16)
FN:127,(anonymous_17)
FN:127,(anonymous_18)
FN:146,(anonymous_19)
FN:149,(anonymous_20)
FN:166,(anonymous_21)
FNF:13
FNH:13
FNDA:6,(anonymous_9)
FNDA:6,(anonymous_10)
FNDA:2,(anonymous_11)
FNDA:2,(anonymous_12)
FNDA:3,(anonymous_13)
FNDA:3,(anonymous_14)
FNDA:4,(anonymous_15)
FNDA:4,(anonymous_16)
FNDA:3,(anonymous_17)
FNDA:3,(anonymous_18)
FNDA:2,(anonymous_19)
FNDA:2,(anonymous_20)
FNDA:6,(anonymous_21)
DA:2,1
DA:3,1
DA:13,1
DA:19,1
DA:20,1
DA:21,1
DA:22,1
DA:23,1
DA:26,1
DA:29,6
DA:30,6
DA:31,6
DA:33,6
DA:35,6
DA:44,6
DA:46,5
DA:55,2
DA:56,2
DA:57,2
DA:59,2
DA:61,2
DA:63,1
DA:66,1
DA:69,3
DA:71,3
DA:73,3
DA:75,3
DA:76,3
DA:91,3
DA:92,1
DA:93,2
DA:96,1
DA:99,4
DA:100,4
DA:102,4
DA:104,4
DA:106,4
DA:107,4
DA:109,3
DA:113,3
DA:114,3
DA:115,3
DA:116,3
DA:117,3
DA:118,3
DA:119,3
DA:120,3
DA:122,3
DA:124,3
DA:127,3
DA:128,3
DA:130,3
DA:132,3
DA:133,3
DA:135,2
DA:136,2
DA:138,1
DA:143,1
DA:146,1
DA:149,2
DA:150,2
DA:151,2
DA:153,2
DA:154,2
DA:156,1
DA:157,1
DA:161,1
DA:163,1
DA:166,1
DA:167,6
DA:168,6
DA:170,6
DA:171,6
DA:172,6
DA:173,6
DA:174,6
DA:175,1
DA:176,6
LF:78
LH:78
BRDA:38,0,0,6
BRDA:38,0,1,4
BRDA:38,1,0,4
BRDA:38,1,1,2
BRDA:38,2,0,6
BRDA:38,2,1,6
BRDA:44,3,0,1
BRDA:61,4,0,1
BRDA:80,5,0,2
BRDA:80,5,1,1
BRDA:81,6,0,2
BRDA:81,6,1,1
BRDA:91,7,0,1
BRDA:107,8,0,1
BRDA:113,9,0,2
BRDA:114,10,0,1
BRDA:115,11,0,1
BRDA:116,12,0,1
BRDA:117,13,0,2
BRDA:117,14,0,1
BRDA:117,14,1,1
BRDA:118,15,0,2
BRDA:118,16,0,1
BRDA:118,16,1,1
BRDA:119,17,0,1
BRDA:120,18,0,1
BRDA:133,19,0,1
BRDA:136,20,0,1
BRDA:154,21,0,1
BRDA:170,22,0,1
BRDA:171,23,0,2
BRDA:171,24,0,1
BRDA:171,24,1,1
BRDA:172,25,0,2
BRDA:172,26,0,1
BRDA:172,26,1,1
BRDA:173,27,0,1
BRDA:174,28,0,1
BRDA:174,29,0,6
BRDA:174,29,1,1
BRF:40
BRH:40
end_of_record
TN:
SF:src\controllers\media.controller.ts
FN:22,(anonymous_8)
FN:22,(anonymous_9)
FN:37,(anonymous_10)
FN:37,(anonymous_11)
FN:45,(anonymous_12)
FN:48,(anonymous_13)
FN:70,(anonymous_14)
FN:73,(anonymous_15)
FN:82,(anonymous_16)
FN:88,(anonymous_17)
FN:88,(anonymous_18)
FN:112,(anonymous_19)
FN:118,(anonymous_20)
FN:118,(anonymous_21)
FN:139,(anonymous_22)
FN:139,(anonymous_23)
FN:154,(anonymous_24)
FN:154,(anonymous_25)
FN:168,(anonymous_26)
FN:168,(anonymous_27)
FN:174,(anonymous_28)
FN:174,(anonymous_29)
FN:183,(anonymous_30)
FN:183,(anonymous_31)
FN:191,(anonymous_32)
FN:191,(anonymous_33)
FN:198,(anonymous_34)
FN:198,(anonymous_35)
FN:213,(anonymous_36)
FN:220,(anonymous_37)
FN:233,(anonymous_38)
FNF:31
FNH:31
FNDA:3,(anonymous_8)
FNDA:3,(anonymous_9)
FNDA:2,(anonymous_10)
FNDA:2,(anonymous_11)
FNDA:6,(anonymous_12)
FNDA:6,(anonymous_13)
FNDA:5,(anonymous_14)
FNDA:5,(anonymous_15)
FNDA:4,(anonymous_16)
FNDA:3,(anonymous_17)
FNDA:3,(anonymous_18)
FNDA:3,(anonymous_19)
FNDA:2,(anonymous_20)
FNDA:2,(anonymous_21)
FNDA:3,(anonymous_22)
FNDA:3,(anonymous_23)
FNDA:4,(anonymous_24)
FNDA:4,(anonymous_25)
FNDA:3,(anonymous_26)
FNDA:3,(anonymous_27)
FNDA:3,(anonymous_28)
FNDA:3,(anonymous_29)
FNDA:2,(anonymous_30)
FNDA:2,(anonymous_31)
FNDA:2,(anonymous_32)
FNDA:2,(anonymous_33)
FNDA:5,(anonymous_34)
FNDA:5,(anonymous_35)
FNDA:8,(anonymous_36)
FNDA:8,(anonymous_37)
FNDA:8,(anonymous_38)
DA:2,1
DA:3,1
DA:14,1
DA:16,1
DA:17,1
DA:18,1
DA:19,1
DA:22,3
DA:23,3
DA:25,3
DA:31,3
DA:32,2
DA:34,3
DA:37,2
DA:38,2
DA:39,2
DA:40,2
DA:42,2
DA:45,1
DA:48,6
DA:49,6
DA:50,6
DA:52,6
DA:54,5
DA:61,5
DA:63,4
DA:65,4
DA:67,3
DA:70,1
DA:73,5
DA:74,5
DA:75,5
DA:77,5
DA:79,4
DA:82,4
DA:84,2
DA:87,2
DA:88,3
DA:89,3
DA:90,3
DA:99,3
DA:101,2
DA:112,3
DA:113,1
DA:115,1
DA:118,2
DA:119,2
DA:121,2
DA:123,2
DA:132,2
DA:134,2
DA:136,2
DA:139,3
DA:140,3
DA:141,3
DA:142,3
DA:144,2
DA:145,2
DA:146,2
DA:147,2
DA:148,2
DA:150,2
DA:151,2
DA:154,4
DA:155,4
DA:156,4
DA:157,4
DA:159,3
DA:160,2
DA:161,1
DA:163,1
DA:165,1
DA:168,3
DA:169,3
DA:170,3
DA:171,2
DA:174,3
DA:175,3
DA:177,3
DA:178,3
DA:180,2
DA:183,2
DA:184,2
DA:185,2
DA:186,2
DA:188,1
DA:191,2
DA:192,2
DA:193,2
DA:195,1
DA:198,5
DA:199,5
DA:200,5
DA:201,1
DA:202,1
DA:205,5
DA:206,5
DA:207,3
DA:208,3
DA:209,3
DA:210,3
DA:213,1
DA:220,8
DA:221,8
DA:222,8
DA:224,6
DA:225,6
DA:228,6
DA:230,6
DA:233,1
DA:234,8
DA:235,2
DA:236,1
LF:113
LH:113
BRDA:27,0,0,2
BRDA:27,0,1,1
BRDA:27,1,0,3
BRDA:27,1,1,3
BRDA:28,2,0,2
BRDA:28,2,1,1
BRDA:28,3,0,3
BRDA:28,3,1,3
BRDA:31,4,0,2
BRDA:31,5,0,3
BRDA:31,5,1,2
BRDA:40,6,0,1
BRDA:52,7,0,1
BRDA:61,8,0,1
BRDA:65,9,0,1
BRDA:77,10,0,1
BRDA:79,11,0,2
BRDA:80,12,0,4
BRDA:80,12,1,4
BRDA:80,12,2,3
BRDA:82,13,0,4
BRDA:82,13,1,4
BRDA:82,13,2,3
BRDA:82,14,0,0
BRDA:82,14,1,4
BRDA:82,15,0,4
BRDA:82,15,1,4
BRDA:82,16,0,0
BRDA:82,16,1,4
BRDA:82,17,0,4
BRDA:82,17,1,4
BRDA:82,18,0,0
BRDA:82,18,1,3
BRDA:82,19,0,3
BRDA:82,19,1,3
BRDA:96,20,0,0
BRDA:96,20,1,3
BRDA:99,21,0,1
BRDA:99,22,0,1
BRDA:99,22,1,2
BRDA:99,23,0,3
BRDA:99,23,1,2
BRDA:112,24,0,1
BRDA:121,25,0,1
BRDA:132,26,0,0
BRDA:142,27,0,1
BRDA:144,28,0,1
BRDA:144,28,1,1
BRDA:144,29,0,2
BRDA:144,29,1,2
BRDA:145,30,0,1
BRDA:145,30,1,1
BRDA:145,31,0,2
BRDA:145,31,1,2
BRDA:146,32,0,1
BRDA:146,32,1,1
BRDA:146,33,0,2
BRDA:146,33,1,2
BRDA:147,34,0,1
BRDA:147,34,1,1
BRDA:147,35,0,2
BRDA:147,35,1,2
BRDA:157,36,0,1
BRDA:160,37,0,1
BRDA:170,38,0,1
BRDA:178,39,0,1
BRDA:186,40,0,1
BRDA:193,41,0,1
BRDA:200,42,0,1
BRDA:200,43,0,5
BRDA:200,43,1,3
BRDA:206,44,0,2
BRDA:219,45,0,5
BRDA:222,46,0,2
BRDA:234,47,0,6
BRDA:235,48,0,1
BRF:76
BRH:71
end_of_record
TN:
SF:src\controllers\products.controller.ts
FN:14,(anonymous_9)
FN:17,(anonymous_10)
FN:57,(anonymous_11)
FN:57,(anonymous_12)
FN:66,(anonymous_13)
FN:69,(anonymous_14)
FN:83,(anonymous_15)
FN:103,(anonymous_16)
FN:106,(anonymous_17)
FN:127,(anonymous_18)
FN:130,(anonymous_19)
FN:150,(anonymous_20)
FN:163,(anonymous_21)
FNF:13
FNH:13
FNDA:3,(anonymous_9)
FNDA:3,(anonymous_10)
FNDA:2,(anonymous_11)
FNDA:2,(anonymous_12)
FNDA:3,(anonymous_13)
FNDA:3,(anonymous_14)
FNDA:2,(anonymous_15)
FNDA:1,(anonymous_16)
FNDA:1,(anonymous_17)
FNDA:2,(anonymous_18)
FNDA:2,(anonymous_19)
FNDA:3,(anonymous_20)
FNDA:2,(anonymous_21)
DA:2,1
DA:9,1
DA:10,1
DA:11,1
DA:12,1
DA:14,1
DA:17,3
DA:18,3
DA:19,3
DA:21,3
DA:23,3
DA:37,3
DA:38,3
DA:45,3
DA:57,2
DA:58,2
DA:59,2
DA:60,2
DA:62,2
DA:63,1
DA:66,1
DA:69,3
DA:70,3
DA:71,3
DA:72,3
DA:74,3
DA:82,3
DA:84,2
DA:93,3
DA:103,1
DA:106,1
DA:107,1
DA:109,1
DA:111,1
DA:118,1
DA:127,1
DA:130,2
DA:131,2
DA:132,2
DA:134,2
DA:135,2
DA:141,2
DA:150,1
DA:151,3
DA:153,3
DA:154,3
DA:155,3
DA:156,3
DA:157,3
DA:158,3
DA:160,3
DA:163,1
DA:164,2
DA:166,2
DA:167,2
DA:168,2
DA:169,2
DA:170,2
LF:58
LH:58
BRDA:49,0,0,2
BRDA:49,0,1,1
BRDA:49,1,0,3
BRDA:49,1,1,3
BRDA:49,2,0,1
BRDA:49,2,1,2
BRDA:49,3,0,3
BRDA:49,3,1,2
BRDA:50,4,0,2
BRDA:50,4,1,1
BRDA:50,5,0,3
BRDA:50,5,1,3
BRDA:50,6,0,1
BRDA:50,6,1,2
BRDA:50,7,0,3
BRDA:50,7,1,2
BRDA:62,8,0,1
BRDA:72,9,0,3
BRDA:72,9,1,1
BRDA:77,10,0,2
BRDA:77,10,1,1
BRDA:77,11,0,3
BRDA:77,11,1,3
BRDA:77,12,0,1
BRDA:77,12,1,2
BRDA:77,13,0,3
BRDA:77,13,1,2
BRDA:153,14,0,1
BRDA:154,15,0,1
BRDA:155,16,0,1
BRDA:156,17,0,1
BRDA:157,18,0,1
BRDA:157,19,0,1
BRDA:157,19,1,0
BRDA:158,20,0,1
BRDA:166,21,0,1
BRDA:167,22,0,1
BRDA:168,23,0,1
BRDA:169,24,0,1
BRF:39
BRH:38
end_of_record
TN:
SF:src\utils\session-helper.ts
FN:4,(anonymous_0)
FNF:1
FNH:1
FNDA:4,(anonymous_0)
DA:1,1
DA:4,1
DA:5,4
DA:6,4
LF:4
LH:4
BRDA:5,0,0,3
BRDA:5,0,1,1
BRDA:5,1,0,4
BRDA:5,1,1,4
BRDA:5,2,0,1
BRDA:5,2,1,3
BRDA:5,3,0,4
BRDA:5,3,1,4
BRF:8
BRH:8
end_of_record
TN:
SF:src\utils\text-helper.ts
FN:3,(anonymous_1)
FNF:1
FNH:1
FNDA:23,(anonymous_1)
DA:1,3
DA:3,3
DA:4,23
LF:3
LH:3
BRDA:8,0,0,1
BRDA:8,0,1,22
BRF:2
BRH:2
end_of_record
